[debug] [2022-10-09T16:19:36.465Z] ----------------------------------------------------------------------
[debug] [2022-10-09T16:19:36.467Z] Command:       /Users/roccocandela/.nvm/versions/node/v16.14.2/bin/node /Users/roccocandela/.nvm/versions/node/v16.14.2/bin/firebase init
[debug] [2022-10-09T16:19:36.467Z] CLI Version:   11.14.1
[debug] [2022-10-09T16:19:36.468Z] Platform:      darwin
[debug] [2022-10-09T16:19:36.468Z] Node Version:  v16.14.2
[debug] [2022-10-09T16:19:36.469Z] Time:          Sun Oct 09 2022 17:19:36 GMT+0100 (Western European Summer Time)
[debug] [2022-10-09T16:19:36.469Z] ----------------------------------------------------------------------
[debug] 
[debug] [2022-10-09T16:19:36.475Z] > command requires scopes: ["email","openid","https://www.googleapis.com/auth/cloudplatformprojects.readonly","https://www.googleapis.com/auth/firebase","https://www.googleapis.com/auth/cloud-platform"]
[debug] [2022-10-09T16:19:36.476Z] > authorizing via signed-in user (rocco.candela94@gmail.com)
[info] 
     ######## #### ########  ######## ########     ###     ######  ########
     ##        ##  ##     ## ##       ##     ##  ##   ##  ##       ##
     ######    ##  ########  ######   ########  #########  ######  ######
     ##        ##  ##    ##  ##       ##     ## ##     ##       ## ##
     ##       #### ##     ## ######## ########  ##     ##  ######  ########

You're about to initialize a Firebase project in this directory:

  /Users/roccocandela/repo/todo-list

[info] 
=== Project Setup
[info] 
[info] First, let's associate this project directory with a Firebase project.
[info] You can create multiple project aliases by running firebase use --add, 
[info] but for now we'll just set up a default project.
[info] 
[debug] [2022-10-09T16:20:25.070Z] >>> [apiv2][query] GET https://firebase.googleapis.com/v1beta1/projects pageSize=100
[debug] [2022-10-09T16:20:25.839Z] <<< [apiv2][status] GET https://firebase.googleapis.com/v1beta1/projects 200
[debug] [2022-10-09T16:20:25.839Z] <<< [apiv2][body] GET https://firebase.googleapis.com/v1beta1/projects [omitted]
[info] i  Using project todo-list-b322d (todo-list) 
[info] 
=== Emulators Setup
[info] i  firestore: downloading cloud-firestore-emulator-v1.15.1.jar... {"metadata":{"emulator":{"name":"firestore"},"message":"downloading cloud-firestore-emulator-v1.15.1.jar..."}}
[debug] [2022-10-09T16:21:39.381Z] >>> [apiv2][query] GET https://storage.googleapis.com/firebase-preview-drop/emulator/cloud-firestore-emulator-v1.15.1.jar 
[debug] [2022-10-09T16:21:39.843Z] <<< [apiv2][status] GET https://storage.googleapis.com/firebase-preview-drop/emulator/cloud-firestore-emulator-v1.15.1.jar 200
[debug] [2022-10-09T16:21:39.844Z] <<< [apiv2][body] GET https://storage.googleapis.com/firebase-preview-drop/emulator/cloud-firestore-emulator-v1.15.1.jar [stream]
